# JRE version: OpenJDK Runtime Environment (8.0_202-b03) (build 1.8.0_202-release-1483-b03)
# Java VM: OpenJDK 64-Bit Server VM (25.202-b03 mixed mode windows-amd64 compressed oops)
Heap:
 PSYoungGen      total 123904K, used 41607K [0x00000000e0000000, 0x00000000ea700000, 0x0000000100000000)
  eden space 114176K, 27% used [0x00000000e0000000,0x00000000e1f22bb0,0x00000000e6f80000)
  from space 9728K, 99% used [0x00000000e7d80000,0x00000000e86ff1b8,0x00000000e8700000)
  to   space 14336K, 0% used [0x00000000e6f80000,0x00000000e6f80000,0x00000000e7d80000)
 ParOldGen       total 55296K, used 23016K [0x00000000a0000000, 0x00000000a3600000, 0x00000000e0000000)
  object space 55296K, 41% used [0x00000000a0000000,0x00000000a167a1e8,0x00000000a3600000)
 Metaspace       used 47310K, capacity 48444K, committed 48768K, reserved 1091584K
  class space    used 6364K, capacity 6673K, committed 6784K, reserved 1048576K
GC Heap History (10 events):
Event: 12.464 GC heap before
{Heap before GC invocations=8 (full 1):
 PSYoungGen      total 76288K, used 65536K [0x00000000e0000000, 0x00000000e5500000, 0x0000000100000000)
  eden space 65536K, 100% used [0x00000000e0000000,0x00000000e4000000,0x00000000e4000000)
  from space 10752K, 0% used [0x00000000e4a80000,0x00000000e4a80000,0x00000000e5500000)
  to   space 10752K, 0% used [0x00000000e4000000,0x00000000e4000000,0x00000000e4a80000)
 ParOldGen       total 55296K, used 10368K [0x00000000a0000000, 0x00000000a3600000, 0x00000000e0000000)
  object space 55296K, 18% used [0x00000000a0000000,0x00000000a0a201b8,0x00000000a3600000)
 Metaspace       used 28978K, capacity 29630K, committed 30080K, reserved 1075200K
  class space    used 3904K, capacity 4100K, committed 4224K, reserved 1048576K
Event: 12.484 GC heap after
Heap after GC invocations=8 (full 1):
 PSYoungGen      total 76288K, used 8123K [0x00000000e0000000, 0x00000000e8800000, 0x0000000100000000)
  eden space 65536K, 0% used [0x00000000e0000000,0x00000000e0000000,0x00000000e4000000)
  from space 10752K, 75% used [0x00000000e4000000,0x00000000e47eeed0,0x00000000e4a80000)
  to   space 10752K, 0% used [0x00000000e7d80000,0x00000000e7d80000,0x00000000e8800000)
 ParOldGen       total 55296K, used 10376K [0x00000000a0000000, 0x00000000a3600000, 0x00000000e0000000)
  object space 55296K, 18% used [0x00000000a0000000,0x00000000a0a221b8,0x00000000a3600000)
 Metaspace       used 28978K, capacity 29630K, committed 30080K, reserved 1075200K
  class space    used 3904K, capacity 4100K, committed 4224K, reserved 1048576K
}
Event: 13.448 GC heap before
{Heap before GC invocations=9 (full 1):
 PSYoungGen      total 76288K, used 73659K [0x00000000e0000000, 0x00000000e8800000, 0x0000000100000000)
  eden space 65536K, 100% used [0x00000000e0000000,0x00000000e4000000,0x00000000e4000000)
  from space 10752K, 75% used [0x00000000e4000000,0x00000000e47eeed0,0x00000000e4a80000)
  to   space 10752K, 0% used [0x00000000e7d80000,0x00000000e7d80000,0x00000000e8800000)
 ParOldGen       total 55296K, used 10376K [0x00000000a0000000, 0x00000000a3600000, 0x00000000e0000000)
  object space 55296K, 18% used [0x00000000a0000000,0x00000000a0a221b8,0x00000000a3600000)
 Metaspace       used 32296K, capacity 32866K, committed 33152K, reserved 1077248K
  class space    used 4443K, capacity 4624K, committed 4736K, reserved 1048576K
Event: 13.459 GC heap after
Heap after GC invocations=9 (full 1):
 PSYoungGen      total 126464K, used 8630K [0x00000000e0000000, 0x00000000e8700000, 0x0000000100000000)
  eden space 116736K, 0% used [0x00000000e0000000,0x00000000e0000000,0x00000000e7200000)
  from space 9728K, 88% used [0x00000000e7d80000,0x00000000e85ed828,0x00000000e8700000)
  to   space 10752K, 0% used [0x00000000e7200000,0x00000000e7200000,0x00000000e7c80000)
 ParOldGen       total 55296K, used 10384K [0x00000000a0000000, 0x00000000a3600000, 0x00000000e0000000)
  object space 55296K, 18% used [0x00000000a0000000,0x00000000a0a241b8,0x00000000a3600000)
 Metaspace       used 32296K, capacity 32866K, committed 33152K, reserved 1077248K
  class space    used 4443K, capacity 4624K, committed 4736K, reserved 1048576K
}
Event: 14.632 GC heap before
{Heap before GC invocations=10 (full 1):
 PSYoungGen      total 126464K, used 60652K [0x00000000e0000000, 0x00000000e8700000, 0x0000000100000000)
  eden space 116736K, 44% used [0x00000000e0000000,0x00000000e32cdb40,0x00000000e7200000)
  from space 9728K, 88% used [0x00000000e7d80000,0x00000000e85ed828,0x00000000e8700000)
  to   space 10752K, 0% used [0x00000000e7200000,0x00000000e7200000,0x00000000e7c80000)
 ParOldGen       total 55296K, used 10384K [0x00000000a0000000, 0x00000000a3600000, 0x00000000e0000000)
  object space 55296K, 18% used [0x00000000a0000000,0x00000000a0a241b8,0x00000000a3600000)
 Metaspace       used 34655K, capacity 35436K, committed 35496K, reserved 1079296K
  class space    used 4775K, capacity 4966K, committed 4992K, reserved 1048576K
Event: 14.649 GC heap after
Heap after GC invocations=10 (full 1):
 PSYoungGen      total 127488K, used 10405K [0x00000000e0000000, 0x00000000e8700000, 0x0000000100000000)
  eden space 116736K, 0% used [0x00000000e0000000,0x00000000e0000000,0x00000000e7200000)
  from space 10752K, 96% used [0x00000000e7200000,0x00000000e7c29588,0x00000000e7c80000)
  to   space 9728K, 0% used [0x00000000e7d80000,0x00000000e7d80000,0x00000000e8700000)
 ParOldGen       total 55296K, used 10392K [0x00000000a0000000, 0x00000000a3600000, 0x00000000e0000000)
  object space 55296K, 18% used [0x00000000a0000000,0x00000000a0a261b8,0x00000000a3600000)
 Metaspace       used 34655K, capacity 35436K, committed 35496K, reserved 1079296K
  class space    used 4775K, capacity 4966K, committed 4992K, reserved 1048576K
}
Event: 14.649 GC heap before
{Heap before GC invocations=11 (full 2):
 PSYoungGen      total 127488K, used 10405K [0x00000000e0000000, 0x00000000e8700000, 0x0000000100000000)
  eden space 116736K, 0% used [0x00000000e0000000,0x00000000e0000000,0x00000000e7200000)
  from space 10752K, 96% used [0x00000000e7200000,0x00000000e7c29588,0x00000000e7c80000)
  to   space 9728K, 0% used [0x00000000e7d80000,0x00000000e7d80000,0x00000000e8700000)
 ParOldGen       total 55296K, used 10392K [0x00000000a0000000, 0x00000000a3600000, 0x00000000e0000000)
  object space 55296K, 18% used [0x00000000a0000000,0x00000000a0a261b8,0x00000000a3600000)
 Metaspace       used 34655K, capacity 35436K, committed 35496K, reserved 1079296K
  class space    used 4775K, capacity 4966K, committed 4992K, reserved 1048576K
Event: 14.794 GC heap after
Heap after GC invocations=11 (full 2):
 PSYoungGen      total 127488K, used 0K [0x00000000e0000000, 0x00000000e8700000, 0x0000000100000000)
  eden space 116736K, 0% used [0x00000000e0000000,0x00000000e0000000,0x00000000e7200000)
  from space 10752K, 0% used [0x00000000e7200000,0x00000000e7200000,0x00000000e7c80000)
  to   space 9728K, 0% used [0x00000000e7d80000,0x00000000e7d80000,0x00000000e8700000)
 ParOldGen       total 55296K, used 17535K [0x00000000a0000000, 0x00000000a3600000, 0x00000000e0000000)
  object space 55296K, 31% used [0x00000000a0000000,0x00000000a111fd60,0x00000000a3600000)
 Metaspace       used 34637K, capacity 35376K, committed 35496K, reserved 1079296K
  class space    used 4770K, capacity 4956K, committed 4992K, reserved 1048576K
}
Event: 16.695 GC heap before
{Heap before GC invocations=12 (full 2):
 PSYoungGen      total 127488K, used 116736K [0x00000000e0000000, 0x00000000e8700000, 0x0000000100000000)
  eden space 116736K, 100% used [0x00000000e0000000,0x00000000e7200000,0x00000000e7200000)
  from space 10752K, 0% used [0x00000000e7200000,0x00000000e7200000,0x00000000e7c80000)
  to   space 9728K, 0% used [0x00000000e7d80000,0x00000000e7d80000,0x00000000e8700000)
 ParOldGen       total 55296K, used 17535K [0x00000000a0000000, 0x00000000a3600000, 0x00000000e0000000)
  object space 55296K, 31% used [0x00000000a0000000,0x00000000a111fd60,0x00000000a3600000)
 Metaspace       used 45421K, capacity 46486K, committed 46720K, reserved 1089536K
  class space    used 6115K, capacity 6418K, committed 6528K, reserved 1048576K
Event: 16.713 GC heap after
Heap after GC invocations=12 (full 2):
 PSYoungGen      total 123904K, used 9724K [0x00000000e0000000, 0x00000000ea700000, 0x0000000100000000)
  eden space 114176K, 0% used [0x00000000e0000000,0x00000000e0000000,0x00000000e6f80000)
  from space 9728K, 99% used [0x00000000e7d80000,0x00000000e86ff1b8,0x00000000e8700000)
  to   space 14336K, 0% used [0x00000000e6f80000,0x00000000e6f80000,0x00000000e7d80000)
 ParOldGen       total 55296K, used 23016K [0x00000000a0000000, 0x00000000a3600000, 0x00000000e0000000)
  object space 55296K, 41% used [0x00000000a0000000,0x00000000a167a1e8,0x00000000a3600000)
 Metaspace       used 45421K, capacity 46486K, committed 46720K, reserved 1089536K
  class space    used 6115K, capacity 6418K, committed 6528K, reserved 1048576K
}

